<?xml version="1.0" encoding="UTF-8"?>
<!-- Generated by org.testng.reporters.JUnitReportReporter -->
<testsuite hostname="DESKTOP-76BH6QQ" failures="0" tests="2" name="Saswatautomation.Cucumber.TestNGTestRunner" time="30.823" errors="0" timestamp="2025-06-03T20:48:35 IST" skipped="0">
  <testcase classname="Saswatautomation.Cucumber.TestNGTestRunner" name="runScenario" time="21.288"/>
  <testcase classname="Saswatautomation.Cucumber.TestNGTestRunner" name="runScenario" time="9.535"/>
</testsuite> <!-- Saswatautomation.Cucumber.TestNGTestRunner -->
