<?xml version="1.0" encoding="UTF-8"?>
<!-- Generated by org.testng.reporters.JUnitReportReporter -->
<testsuite hostname="LAPTOP-QLUTRFLF" failures="0" tests="1" name="sujitAutomation.tests.ErrorValidations" time="12.058" errors="0" timestamp="2025-05-30T00:26:16 IST" skipped="0">
  <testcase classname="sujitAutomation.tests.ErrorValidations" name="submitOrder" time="12.058"/>
</testsuite> <!-- sujitAutomation.tests.ErrorValidations -->
