<?xml version="1.0" encoding="UTF-8"?>
<!-- Generated by org.testng.reporters.JUnitReportReporter -->
<testsuite hostname="DESKTOP-76BH6QQ" failures="0" tests="1" name="Saswatautomation.Tests.ErrorValidations" time="9.873" errors="0" timestamp="2025-06-01T18:36:30 IST" skipped="0">
  <testcase classname="Saswatautomation.Tests.ErrorValidations" name="loginPageErrorValidation" time="9.873"/>
</testsuite> <!-- Saswatautomation.Tests.ErrorValidations -->
