<?xml version="1.0" encoding="UTF-8"?>
<!-- Generated by org.testng.reporters.JUnitReportReporter -->
<testsuite hostname="DESKTOP-76BH6QQ" failures="0" tests="3" name="Saswatautomation.Tests.SubmitOrderTests" time="45.587" errors="0" timestamp="2025-06-02T01:00:06 IST" skipped="0">
  <testcase classname="Saswatautomation.Tests.SubmitOrderTests" name="orderHistoryTest" time="10.072"/>
  <testcase classname="Saswatautomation.Tests.SubmitOrderTests" name="SubmitOrder" time="23.978"/>
  <testcase classname="Saswatautomation.Tests.SubmitOrderTests" name="SubmitOrder" time="11.537"/>
</testsuite> <!-- Saswatautomation.Tests.SubmitOrderTests -->
