<?xml version="1.0" encoding="UTF-8"?>
<!-- Generated by org.testng.reporters.JUnitReportReporter -->
<testsuite hostname="DESKTOP-76BH6QQ" failures="0" tests="1" name="Saswatautomation.Cucumber.TestNGTestRunner" time="21.767" errors="0" timestamp="2025-06-03T21:06:42 IST" skipped="0">
  <testcase classname="Saswatautomation.Cucumber.TestNGTestRunner" name="runScenario" time="21.767"/>
</testsuite> <!-- Saswatautomation.Cucumber.TestNGTestRunner -->
