<?xml version="1.0" encoding="UTF-8"?>
<!-- Generated by org.testng.reporters.JUnitReportReporter -->
<testsuite hostname="DESKTOP-76BH6QQ" failures="0" tests="3" name="Saswatautomation.Tests.SubmitOrderTests" time="29.789" errors="0" timestamp="2025-06-03T18:16:25 IST" skipped="0">
  <testcase classname="Saswatautomation.Tests.SubmitOrderTests" name="SubmitOrder" time="16.593"/>
  <testcase classname="Saswatautomation.Tests.SubmitOrderTests" name="SubmitOrder" time="8.264"/>
  <testcase classname="Saswatautomation.Tests.SubmitOrderTests" name="orderHistoryTest" time="4.932"/>
</testsuite> <!-- Saswatautomation.Tests.SubmitOrderTests -->
