<?xml version="1.0" encoding="UTF-8"?>
<!-- Generated by org.testng.reporters.JUnitReportReporter -->
<testsuite hostname="DESKTOP-76BH6QQ" failures="0" tests="2" name="Saswatautomation.Tests.ErrorValidationsTest" time="18.634" errors="0" timestamp="2025-06-03T18:16:25 IST" skipped="0">
  <testcase classname="Saswatautomation.Tests.ErrorValidationsTest" name="productPageErrorValidation" time="12.605"/>
  <testcase classname="Saswatautomation.Tests.ErrorValidationsTest" name="loginPageErrorValidation" time="6.029"/>
</testsuite> <!-- Saswatautomation.Tests.ErrorValidationsTest -->
